<?xml version="1.0" encoding="UTF-8" ?>
<testsuite errors="0" failures="0" hostname="osiepna" name="racetrack.RaceTests" tests="1" time="0.156" timestamp="2014-03-14T08:41:31">
  <properties />
  <testcase classname="racetrack.RaceTests" name="testInMiles" time="0.154" />
  <system-out><![CDATA[--Output from testInMiles--
]]></system-out>
  <system-err><![CDATA[--Output from testInMiles--
]]></system-err>
</testsuite>
